2015/12/29 08:51:26 The application has started.
2015/12/29 08:51:30 User requested home view.
2015/12/29 08:51:30 Getting the network interface.
2015/12/29 08:51:30 Getting the local ip address from the network interface lo
2015/12/29 08:51:30 ip address of the network interface lo is 127.0.0.1
2015/12/29 08:51:30 QR code generated and saved to resources/images/lo.png
2015/12/29 08:51:30 Getting the local ip address from the network interface eth0
2015/12/29 08:51:30 Getting the local ip address from the network interface wlan0
2015/12/29 08:51:30 ip address of the network interface wlan0 is 192.168.0.105
2015/12/29 08:51:30 QR code generated and saved to resources/images/wlan0.png
2015/12/29 08:51:30 Configuration has been saved successfully to the conf file.
2015/12/29 08:51:30 IPDetailsConfig has been saved successfully to the conf file.
2015/12/29 08:52:42 The application has started.
2015/12/29 08:52:42 User requested home view.
2015/12/29 08:52:42 Getting the network interface.
2015/12/29 08:52:42 Getting the local ip address from the network interface lo
2015/12/29 08:52:42 ip address of the network interface lo is 127.0.0.1
2015/12/29 08:52:42 QR code generated and saved to resources/images/lo.png
2015/12/29 08:52:42 Getting the local ip address from the network interface eth0
2015/12/29 08:52:42 Getting the local ip address from the network interface wlan0
2015/12/29 08:52:42 ip address of the network interface wlan0 is 192.168.0.105
2015/12/29 08:52:42 QR code generated and saved to resources/images/wlan0.png
2015/12/29 08:52:42 Configuration has been saved successfully to the conf file.
2015/12/29 08:52:42 IPDetailsConfig has been saved successfully to the conf file.
